<?xml version="1.0" encoding="UTF-8"?>
<!-- Generated by org.testng.reporters.JUnitReportReporter -->
<testsuite hostname="LAPTOP-6MELK31E" failures="0" tests="1" name="NestedFrame_Model.phpTravels" time="24.633" errors="0" timestamp="2025-05-23T15:40:28 IST" skipped="0">
  <testcase classname="NestedFrame_Model.phpTravels" name="phpDemo" time="24.633"/>
  <system-out/>
</testsuite> <!-- NestedFrame_Model.phpTravels -->
