<?xml version="1.0" encoding="UTF-8"?>
<!-- Generated by org.testng.reporters.JUnitReportReporter -->
<testsuite hostname="LAPTOP-6MELK31E" failures="0" tests="1" name="HC.RAPO.Doctor.viewAppointmentsPageOpenTest" time="10.966" errors="0" timestamp="2025-03-14T17:18:51 IST" skipped="0">
  <testcase classname="HC.RAPO.Doctor.viewAppointmentsPageOpenTest" name="doctorCanSeeAppointmentsPageTest" time="10.966"/>
  <system-out/>
</testsuite> <!-- HC.RAPO.Doctor.viewAppointmentsPageOpenTest -->
