<?xml version="1.0" encoding="UTF-8"?>
<!-- Generated by org.testng.reporters.JUnitReportReporter -->
<testsuite hostname="LAPTOP-6MELK31E" failures="0" tests="1" name="HC.RAPO.Doctor.addReportAndVerifyInAdminTest" time="25.703" errors="0" timestamp="2025-03-14T09:37:22 IST" skipped="0">
  <testcase classname="HC.RAPO.Doctor.addReportAndVerifyInAdminTest" name="addReport" time="25.703"/>
  <system-out/>
</testsuite> <!-- HC.RAPO.Doctor.addReportAndVerifyInAdminTest -->
