<?xml version="1.0" encoding="UTF-8"?>
<!-- Generated by org.testng.reporters.JUnitReportReporter -->
<testsuite hostname="LAPTOP-6MELK31E" failures="0" tests="2" name="HC.RAPO.Admin.sessionLogViewTest" time="52.433" errors="0" timestamp="2025-03-14T17:20:48 IST" skipped="0">
  <testcase classname="HC.RAPO.Admin.sessionLogViewTest" name="adminCanSeeSessionLogOfUserTest" time="22.542"/>
  <system-out/>
  <testcase classname="HC.RAPO.Admin.sessionLogViewTest" name="adminCanSeeSessionLogOfDoctorTest" time="29.891"/>
  <system-out/>
</testsuite> <!-- HC.RAPO.Admin.sessionLogViewTest -->
