<?xml version="1.0" encoding="UTF-8"?>
<!-- Generated by org.testng.reporters.JUnitReportReporter -->
<testsuite hostname="LAPTOP-6MELK31E" failures="0" tests="1" name="HC.RAPO.Patient.createAppointmentAndVerifyTest" time="19.212" errors="0" timestamp="2025-03-14T17:16:53 IST" skipped="0">
  <testcase classname="HC.RAPO.Patient.createAppointmentAndVerifyTest" name="createAppointmentAndVerifyInDoctorTest" time="19.212"/>
  <system-out/>
</testsuite> <!-- HC.RAPO.Patient.createAppointmentAndVerifyTest -->
