<?xml version="1.0" encoding="UTF-8"?>
<!-- Generated by org.testng.reporters.JUnitReportReporter -->
<testsuite hostname="LAPTOP-6MELK31E" failures="0" tests="1" name="NestedFrame_Model.refreshingXpath" time="12.767" errors="0" timestamp="2025-05-19T18:05:13 IST" skipped="0">
  <testcase classname="NestedFrame_Model.refreshingXpath" name="rpa" time="12.767"/>
  <system-out/>
</testsuite> <!-- NestedFrame_Model.refreshingXpath -->
