<?xml version="1.0" encoding="UTF-8"?>
<!-- Generated by org.testng.reporters.JUnitReportReporter -->
<testsuite hostname="LAPTOP-6MELK31E" failures="0" tests="1" name="NestedFrame_Model.BookMyShowTask" time="59.449" errors="0" timestamp="2025-05-23T12:05:37 IST" skipped="0">
  <testcase classname="NestedFrame_Model.BookMyShowTask" name="BMS" time="59.449"/>
  <system-out/>
</testsuite> <!-- NestedFrame_Model.BookMyShowTask -->
