<?xml version="1.0" encoding="UTF-8"?>
<!-- Generated by org.testng.reporters.JUnitReportReporter -->
<testsuite hostname="LAPTOP-6MELK31E" failures="0" tests="1" name="HC.RAPO.Admin.addSpecializationAndVerifyTest" time="11.739" errors="0" timestamp="2025-03-13T17:44:54 IST" skipped="0">
  <testcase classname="HC.RAPO.Admin.addSpecializationAndVerifyTest" name="addSpecializationTest" time="11.739"/>
  <system-out/>
</testsuite> <!-- HC.RAPO.Admin.addSpecializationAndVerifyTest -->
