<?xml version="1.0" encoding="UTF-8"?>
<!-- Generated by org.testng.reporters.JUnitReportReporter -->
<testsuite hostname="LAPTOP-6MELK31E" failures="0" tests="1" name="NestedFrame_Model.Flip" time="48.365" errors="0" timestamp="2025-05-19T17:31:20 IST" skipped="0">
  <testcase classname="NestedFrame_Model.Flip" name="Amazon" time="48.365"/>
  <system-out/>
</testsuite> <!-- NestedFrame_Model.Flip -->
