<?xml version="1.0" encoding="UTF-8"?>
<!-- Generated by org.testng.reporters.JUnitReportReporter -->
<testsuite hostname="LAPTOP-6MELK31E" failures="0" tests="1" name="HC.RAPO.Patient.createPatientLoginPutAppDoctorAppHisCancelAppTest" time="24.036" errors="0" timestamp="2025-03-14T09:49:18 IST" skipped="0">
  <testcase classname="HC.RAPO.Patient.createPatientLoginPutAppDoctorAppHisCancelAppTest" name="createPatientAndLogin" time="24.036"/>
  <system-out/>
</testsuite> <!-- HC.RAPO.Patient.createPatientLoginPutAppDoctorAppHisCancelAppTest -->
