<?xml version="1.0" encoding="UTF-8"?>
<!-- Generated by org.testng.reporters.JUnitReportReporter -->
<testsuite hostname="LAPTOP-6MELK31E" failures="0" tests="1" name="HC.RAPO.Patient.createUserAndCheckInAdminAndDeleteTest" time="26.311" errors="0" timestamp="2025-03-14T09:52:06 IST" skipped="0">
  <testcase classname="HC.RAPO.Patient.createUserAndCheckInAdminAndDeleteTest" name="createPatient" time="26.311"/>
  <system-out/>
</testsuite> <!-- HC.RAPO.Patient.createUserAndCheckInAdminAndDeleteTest -->
