<?xml version="1.0" encoding="UTF-8"?>
<!-- Generated by org.testng.reporters.JUnitReportReporter -->
<testsuite hostname="LAPTOP-6MELK31E" failures="0" tests="1" name="HC.RAPO.Doctor.createPatientTest" time="28.388" errors="0" timestamp="2025-03-14T09:42:06 IST" skipped="0">
  <testcase classname="HC.RAPO.Doctor.createPatientTest" name="createPatientAndAddMedicalHistoryAndCheckInAdmin" time="28.388"/>
  <system-out/>
</testsuite> <!-- HC.RAPO.Doctor.createPatientTest -->
