<?xml version="1.0" encoding="UTF-8"?>
<!-- Generated by org.testng.reporters.JUnitReportReporter -->
<testsuite hostname="LAPTOP-6MELK31E" failures="0" tests="1" name="HC.RAPO.Admin.addDoctorAndVerifyTest" time="15.359" errors="0" timestamp="2025-03-13T17:36:00 IST" skipped="0">
  <testcase classname="HC.RAPO.Admin.addDoctorAndVerifyTest" name="addDoctorTest" time="15.359"/>
  <system-out/>
</testsuite> <!-- HC.RAPO.Admin.addDoctorAndVerifyTest -->
