<?xml version="1.0" encoding="UTF-8"?>
<!-- Generated by org.testng.reporters.JUnitReportReporter -->
<testsuite hostname="LAPTOP-6MELK31E" failures="0" tests="1" name="NestedFrame_Model.AmazonTask" time="53.385" errors="0" timestamp="2025-05-19T12:43:15 IST" skipped="0">
  <testcase classname="NestedFrame_Model.AmazonTask" name="Amazon" time="53.385"/>
  <system-out/>
</testsuite> <!-- NestedFrame_Model.AmazonTask -->
