<?xml version="1.0" encoding="UTF-8"?>
<!-- Generated by org.testng.reporters.JUnitReportReporter -->
<testsuite hostname="LAPTOP-6MELK31E" failures="0" tests="2" name="HC.RAPO.Admin.sessionLogViewTest" time="25.534" errors="0" timestamp="2025-03-14T09:36:27 IST" skipped="0">
  <testcase classname="HC.RAPO.Admin.sessionLogViewTest" name="adminCanSeeSessionLogOfUserTest" time="11.580"/>
  <system-out/>
  <testcase classname="HC.RAPO.Admin.sessionLogViewTest" name="adminCanSeeSessionLogOfDoctorTest" time="13.954"/>
  <system-out/>
</testsuite> <!-- HC.RAPO.Admin.sessionLogViewTest -->
